#
# A fatal error has been detected by the Java Runtime Environment:
#
#  EXCEPTION_ACCESS_VIOLATION (0xc0000005) at pc=0x000000006b6b3622, pid=1048, tid=3784
#
# JRE version: Java(TM) SE Runtime Environment (8.0_65-b17) (build 1.8.0_65-b17)
# Java VM: Java HotSpot(TM) 64-Bit Server VM (25.65-b01 mixed mode windows-amd64 compressed oops)
# Problematic frame:
# V  [jvm.dll+0x143622]
#
# Failed to write core dump. Minidumps are not enabled by default on client versions of Windows
#
# If you would like to submit a bug report, please visit:
#   http://bugreport.java.com/bugreport/crash.jsp
#

---------------  T H R E A D  ---------------

Current thread (0x0000000001d7e000):  JavaThread "main" [_thread_in_vm, id=3784, stack(0x0000000002980000,0x0000000002a80000)]

siginfo: ExceptionCode=0xc0000005, reading address 0x0000000000000000

Registers:
RAX=0x0000000000000000, RBX=0x0000000001d7e000, RCX=0x0000000000000e00, RDX=0x0000000000000000
RSP=0x0000000002a7eef0, RBP=0x0000000000000000, RSI=0x0000000000000000, RDI=0x0000000000000000
R8 =0x0000000000000000, R9 =0x00000000ebb327e8, R10=0x0000000000000002, R11=0x000000006bd71258
R12=0x00000000005fb4f8, R13=0x00000000549e4978, R14=0x0000000002a7f090, R15=0x0000000001d7e000
RIP=0x000000006b6b3622, EFLAGS=0x0000000000010202

Top of Stack: (sp=0x0000000002a7eef0)
0x0000000002a7eef0:   0000000002a7efb0 000000006b749ab7
0x0000000002a7ef00:   0000000002a7efb0 000000006d582020
0x0000000002a7ef10:   0000000001d7e000 0000000000000000
0x0000000002a7ef20:   00000000549e4978 0000000001d7e000
0x0000000002a7ef30:   0000000001d7e000 00000000026df010
0x0000000002a7ef40:   00000000549e4980 0000000002a7f090
0x0000000002a7ef50:   0000000001d7d830 0000000001d7e1f8
0x0000000002a7ef60:   0000000000000000 000000006d58204d
0x0000000002a7ef70:   0000000002a7f090 0000000002a87a01
0x0000000002a7ef80:   00000000549e4980 0000000001d7e1f8
0x0000000002a7ef90:   00000000549e4980 0000000001d7e000
0x0000000002a7efa0:   0000000002a87a01 0000000002a941fd
0x0000000002a7efb0:   00000000549e4980 0000000050200021
0x0000000002a7efc0:   0000000002a87a01 0000000002a7f068
0x0000000002a7efd0:   0000000000000000 0000000002a9436b
0x0000000002a7efe0:   0000000050200021 0000000002a87a01 

Instructions: (pc=0x000000006b6b3622)
0x000000006b6b3602:   89 5c 24 20 48 89 74 24 28 48 39 73 08 74 0a 48
0x000000006b6b3612:   8d 4c 24 20 e8 55 5c 13 00 40 38 35 4e cc 6b 00
0x000000006b6b3622:   48 8b 3f 48 63 05 50 46 6a 00 74 1b 8b 0c 38 85
0x000000006b6b3632:   c9 74 7c 8b c1 8b 0d 43 21 65 00 48 d3 e0 48 03 


Register to memory mapping:

RAX=0x0000000000000000 is an unknown value
RBX=0x0000000001d7e000 is a thread
RCX=0x0000000000000e00 is an unknown value
RDX=0x0000000000000000 is an unknown value
RSP=0x0000000002a7eef0 is pointing into the stack for thread: 0x0000000001d7e000
RBP=0x0000000000000000 is an unknown value
RSI=0x0000000000000000 is an unknown value
RDI=0x0000000000000000 is an unknown value
R8 =0x0000000000000000 is an unknown value
R9 =0x00000000ebb327e8 is an oop
org.sqlite.core.NativeDB 
 - klass: 'org/sqlite/core/NativeDB'
R10=0x0000000000000002 is an unknown value
R11=0x000000006bd71258 is an unknown value
R12=0x00000000005fb4f8 is an unknown value
R13=0x00000000549e4978 is pointing into metadata
R14=0x0000000002a7f090 is pointing into the stack for thread: 0x0000000001d7e000
R15=0x0000000001d7e000 is a thread


Stack: [0x0000000002980000,0x0000000002a80000],  sp=0x0000000002a7eef0,  free space=1019k
Native frames: (J=compiled Java code, j=interpreted, Vv=VM code, C=native code)

Java frames: (J=compiled Java code, j=interpreted, Vv=VM code)
j  org.sqlite.core.NativeDB.prepare(Ljava/lang/String;)J+0
j  org.sqlite.core.DB.prepare(Lorg/sqlite/core/CoreStatement;)V+21
j  org.sqlite.core.CorePreparedStatement.<init>(Lorg/sqlite/SQLiteConnection;Ljava/lang/String;)V+15
j  org.sqlite.jdbc3.JDBC3PreparedStatement.<init>(Lorg/sqlite/SQLiteConnection;Ljava/lang/String;)V+3
j  org.sqlite.jdbc4.JDBC4PreparedStatement.<init>(Lorg/sqlite/SQLiteConnection;Ljava/lang/String;)V+3
j  org.sqlite.jdbc4.JDBC4Connection.prepareStatement(Ljava/lang/String;III)Ljava/sql/PreparedStatement;+21
j  org.sqlite.jdbc3.JDBC3Connection.prepareStatement(Ljava/lang/String;II)Ljava/sql/PreparedStatement;+5
j  org.sqlite.jdbc3.JDBC3Connection.prepareStatement(Ljava/lang/String;)Ljava/sql/PreparedStatement;+8
j  org.suntao.easyorm.executor.defaults.SimpleExecutor.execute(Lorg/suntao/easyorm/map/MapStatment;[Ljava/lang/Object;)Ljava/lang/Object;+26
j  org.suntao.easyorm.proxy.MapperProxy.invoke(Ljava/lang/Object;Ljava/lang/reflect/Method;[Ljava/lang/Object;)Ljava/lang/Object;+133
j  com.sun.proxy.$Proxy0.selectAll()Ljava/util/List;+9
j  EasyormSimple.main([Ljava/lang/String;)V+34
v  ~StubRoutines::call_stub

---------------  P R O C E S S  ---------------

Java Threads: ( => current thread )
  0x0000000056729000 JavaThread "Abandoned connection cleanup thread" daemon [_thread_blocked, id=6748, stack(0x0000000056b70000,0x0000000056c70000)]
  0x000000005659f000 JavaThread "Service Thread" daemon [_thread_blocked, id=7048, stack(0x0000000055f90000,0x0000000056090000)]
  0x0000000054f2f800 JavaThread "C1 CompilerThread1" daemon [_thread_blocked, id=7420, stack(0x0000000056470000,0x0000000056570000)]
  0x0000000054f23800 JavaThread "C2 CompilerThread0" daemon [_thread_blocked, id=3668, stack(0x0000000056240000,0x0000000056340000)]
  0x0000000054f19800 JavaThread "Attach Listener" daemon [_thread_blocked, id=4028, stack(0x00000000560b0000,0x00000000561b0000)]
  0x0000000054f02000 JavaThread "Signal Dispatcher" daemon [_thread_blocked, id=9060, stack(0x0000000055e90000,0x0000000055f90000)]
  0x0000000054eab800 JavaThread "Finalizer" daemon [_thread_blocked, id=1212, stack(0x0000000055a60000,0x0000000055b60000)]
  0x0000000054ea4800 JavaThread "Reference Handler" daemon [_thread_blocked, id=7788, stack(0x0000000055800000,0x0000000055900000)]
=>0x0000000001d7e000 JavaThread "main" [_thread_in_vm, id=3784, stack(0x0000000002980000,0x0000000002a80000)]

Other Threads:
  0x0000000054e9d000 VMThread [stack: 0x0000000055900000,0x0000000055a00000] [id=9212]
  0x0000000054f6f800 WatcherThread [stack: 0x00000000569d0000,0x0000000056ad0000] [id=8852]

VM state:not at safepoint (normal execution)

VM Mutex/Monitor currently owned by a thread: None

Heap:
 PSYoungGen      total 18944K, used 8245K [0x00000000eb380000, 0x00000000ec880000, 0x0000000100000000)
  eden space 16384K, 50% used [0x00000000eb380000,0x00000000ebb8d470,0x00000000ec380000)
  from space 2560K, 0% used [0x00000000ec600000,0x00000000ec600000,0x00000000ec880000)
  to   space 2560K, 0% used [0x00000000ec380000,0x00000000ec380000,0x00000000ec600000)
 ParOldGen       total 44032K, used 0K [0x00000000c1a00000, 0x00000000c4500000, 0x00000000eb380000)
  object space 44032K, 0% used [0x00000000c1a00000,0x00000000c1a00000,0x00000000c4500000)
 Metaspace       used 6660K, capacity 6798K, committed 7040K, reserved 1056768K
  class space    used 758K, capacity 793K, committed 896K, reserved 1048576K

Card table byte_map: [0x0000000011e40000,0x0000000012040000] byte_map_base: 0x0000000011833000

Marking Bits: (ParMarkBitMap*) 0x000000006bd7a5b0
 Begin Bits: [0x0000000012440000, 0x00000000133d8000)
 End Bits:   [0x00000000133d8000, 0x0000000014370000)

Polling page: 0x00000000005c0000

CodeCache: size=245760Kb used=1986Kb max_used=1986Kb free=243773Kb
 bounds [0x0000000002a80000, 0x0000000002cf0000, 0x0000000011a80000]
 total_blobs=735 nmethods=397 adapters=253
 compilation: enabled

Compilation events (10 events):
Event: 1.471 Thread 0x0000000054f2f800  392       3       sun.reflect.ByteVectorImpl::get (26 bytes)
Event: 1.471 Thread 0x0000000054f2f800 nmethod 392 0x0000000002c6ced0 code [0x0000000002c6d040, 0x0000000002c6d248]
Event: 1.473 Thread 0x0000000054f2f800  393       3       sun.reflect.ClassFileAssembler::cpi (22 bytes)
Event: 1.473 Thread 0x0000000054f2f800 nmethod 393 0x0000000002c6ca50 code [0x0000000002c6cbc0, 0x0000000002c6ce08]
Event: 1.474 Thread 0x0000000054f2f800  395   !   3       sun.reflect.UTF8::encode (191 bytes)
Event: 1.475 Thread 0x0000000054f2f800 nmethod 395 0x0000000002c6ff50 code [0x0000000002c70140, 0x0000000002c709e8]
Event: 1.475 Thread 0x0000000054f2f800  394       3       sun.reflect.ClassFileAssembler::emitConstantPoolUTF8 (50 bytes)
Event: 1.476 Thread 0x0000000054f2f800 nmethod 394 0x0000000002c70f90 code [0x0000000002c71180, 0x0000000002c717e8]
Event: 1.476 Thread 0x0000000054f2f800  396  s    3       java.lang.Throwable::fillInStackTrace (29 bytes)
Event: 1.477 Thread 0x0000000054f2f800 nmethod 396 0x0000000002c71cd0 code [0x0000000002c71e40, 0x0000000002c721e8]

GC Heap History (0 events):
No events

Deoptimization events (2 events):
Event: 0.691 Thread 0x0000000001d7e000 Uncommon trap: reason=unstable_if action=reinterpret pc=0x0000000002c047f4 method=java.lang.String.indexOf([CII[CIII)I @ 3
Event: 1.379 Thread 0x0000000001d7e000 Uncommon trap: reason=unstable_if action=reinterpret pc=0x0000000002c65b68 method=org.sqlite.SQLiteJDBCLoader.contentsEquals(Ljava/io/InputStream;Ljava/io/InputStream;)Z @ 39

Internal exceptions (10 events):
Event: 0.443 Thread 0x0000000001d7e000 Exception <a 'java/lang/ClassNotFoundException': org/apache/log4j/AppenderSkeletonCustomizer> (0x00000000eb6d5d10) thrown at [C:\workspace\8-2-build-windows-amd64-cygwin\jdk8u65\4987\hotspot\src\share\vm\classfile\systemDictionary.cpp, line 210]
Event: 0.447 Thread 0x0000000001d7e000 Exception <a 'java/lang/ClassNotFoundException': org/apache/log4j/WriterAppenderCustomizer> (0x00000000eb6ec418) thrown at [C:\workspace\8-2-build-windows-amd64-cygwin\jdk8u65\4987\hotspot\src\share\vm\classfile\systemDictionary.cpp, line 210]
Event: 0.450 Thread 0x0000000001d7e000 Exception <a 'java/lang/ClassNotFoundException': org/apache/log4j/ConsoleAppenderCustomizer> (0x00000000eb6fc428) thrown at [C:\workspace\8-2-build-windows-amd64-cygwin\jdk8u65\4987\hotspot\src\share\vm\classfile\systemDictionary.cpp, line 210]
Event: 0.465 Thread 0x0000000001d7e000 Exception <a 'java/lang/ClassNotFoundException': org/apache/log4j/RollingFileAppenderBeanInfo> (0x00000000eb728260) thrown at [C:\workspace\8-2-build-windows-amd64-cygwin\jdk8u65\4987\hotspot\src\share\vm\classfile\systemDictionary.cpp, line 210]
Event: 0.465 Thread 0x0000000001d7e000 Exception <a 'java/lang/ClassNotFoundException': org/apache/log4j/FileAppenderBeanInfo> (0x00000000eb72ba40) thrown at [C:\workspace\8-2-build-windows-amd64-cygwin\jdk8u65\4987\hotspot\src\share\vm\classfile\systemDictionary.cpp, line 210]
Event: 0.466 Thread 0x0000000001d7e000 Exception <a 'java/lang/ClassNotFoundException': org/apache/log4j/FileAppenderCustomizer> (0x00000000eb72f238) thrown at [C:\workspace\8-2-build-windows-amd64-cygwin\jdk8u65\4987\hotspot\src\share\vm\classfile\systemDictionary.cpp, line 210]
Event: 0.469 Thread 0x0000000001d7e000 Exception <a 'java/lang/ClassNotFoundException': org/apache/log4j/RollingFileAppenderCustomizer> (0x00000000eb73f7a0) thrown at [C:\workspace\8-2-build-windows-amd64-cygwin\jdk8u65\4987\hotspot\src\share\vm\classfile\systemDictionary.cpp, line 210]
Event: 0.498 Thread 0x0000000001d7e000 Exception <a 'java/lang/NullPointerException'> (0x00000000eb78bb78) thrown at [C:\workspace\8-2-build-windows-amd64-cygwin\jdk8u65\4987\hotspot\src\share\vm\interpreter\linkResolver.cpp, line 1178]
Event: 1.458 Thread 0x0000000001d7e000 Exception <a 'java/lang/ArrayIndexOutOfBoundsException'> (0x00000000ebb257a8) thrown at [C:\workspace\8-2-build-windows-amd64-cygwin\jdk8u65\4987\hotspot\src\share\vm\runtime\sharedRuntime.cpp, line 605]
Event: 1.461 Thread 0x0000000001d7e000 Exception <a 'java/lang/ArrayIndexOutOfBoundsException'> (0x00000000ebb26818) thrown at [C:\workspace\8-2-build-windows-amd64-cygwin\jdk8u65\4987\hotspot\src\share\vm\runtime\sharedRuntime.cpp, line 605]

Events (10 events):
Event: 1.475 loading class org/sqlite/jdbc4/JDBC4PreparedStatement
Event: 1.475 loading class org/sqlite/jdbc4/JDBC4PreparedStatement done
Event: 1.476 loading class java/sql/ParameterMetaData
Event: 1.476 loading class java/sql/ParameterMetaData done
Event: 1.476 loading class org/sqlite/jdbc3/JDBC3PreparedStatement
Event: 1.476 loading class org/sqlite/jdbc3/JDBC3PreparedStatement done
Event: 1.478 loading class org/sqlite/core/CorePreparedStatement
Event: 1.478 loading class org/sqlite/core/CorePreparedStatement done
Event: 1.479 loading class java/sql/Date
Event: 1.480 loading class java/sql/Date done


Dynamic libraries:
0x000000013f080000 - 0x000000013f0b7000 	C:\Program Files\Java\jdk1.8.0_65\bin\javaw.exe
0x0000000077590000 - 0x0000000077739000 	C:\Windows\SYSTEM32\ntdll.dll
0x0000000077470000 - 0x000000007758f000 	C:\Windows\system32\kernel32.dll
0x000007fefd5a0000 - 0x000007fefd60b000 	C:\Windows\system32\KERNELBASE.dll
0x000007fefd700000 - 0x000007fefd7db000 	C:\Windows\system32\ADVAPI32.dll
0x000007fefe7e0000 - 0x000007fefe87f000 	C:\Windows\system32\msvcrt.dll
0x000007fefe770000 - 0x000007fefe78f000 	C:\Windows\SYSTEM32\sechost.dll
0x000007fefeb40000 - 0x000007fefec6d000 	C:\Windows\system32\RPCRT4.dll
0x0000000077370000 - 0x000000007746a000 	C:\Windows\system32\USER32.dll
0x000007feff0b0000 - 0x000007feff117000 	C:\Windows\system32\GDI32.dll
0x000007feff0a0000 - 0x000007feff0ae000 	C:\Windows\system32\LPK.dll
0x000007fefd910000 - 0x000007fefd9d9000 	C:\Windows\system32\USP10.dll
0x000007fefbc30000 - 0x000007fefbe24000 	C:\Windows\WinSxS\amd64_microsoft.windows.common-controls_6595b64144ccf1df_6.0.7601.17514_none_fa396087175ac9ac\COMCTL32.dll
0x000007feff020000 - 0x000007feff091000 	C:\Windows\system32\SHLWAPI.dll
0x000007feff870000 - 0x000007feff89e000 	C:\Windows\system32\IMM32.DLL
0x000007fefd7e0000 - 0x000007fefd8e9000 	C:\Windows\system32\MSCTF.dll
0x0000000180000000 - 0x00000001800e7000 	C:\Program Files (x86)\MacType\MacType64.dll
0x000007feedf80000 - 0x000007feedfa1000 	C:\Program Files (x86)\MacType\EasyHK64.dll
0x0000000077750000 - 0x0000000077757000 	C:\Windows\system32\PSAPI.DLL
0x0000000071490000 - 0x0000000071562000 	C:\Program Files\Java\jdk1.8.0_65\jre\bin\msvcr100.dll
0x000000006b570000 - 0x000000006bdf9000 	C:\Program Files\Java\jdk1.8.0_65\jre\bin\server\jvm.dll
0x000007fefb1a0000 - 0x000007fefb1a9000 	C:\Windows\system32\WSOCK32.dll
0x000007fefe790000 - 0x000007fefe7dd000 	C:\Windows\system32\WS2_32.dll
0x000007fefee00000 - 0x000007fefee08000 	C:\Windows\system32\NSI.dll
0x000007fefad40000 - 0x000007fefad7b000 	C:\Windows\system32\WINMM.dll
0x000007fefc2c0000 - 0x000007fefc2cc000 	C:\Windows\system32\VERSION.dll
0x0000000074f80000 - 0x0000000074f8f000 	C:\Program Files\Java\jdk1.8.0_65\jre\bin\verify.dll
0x0000000074460000 - 0x0000000074489000 	C:\Program Files\Java\jdk1.8.0_65\jre\bin\java.dll
0x0000000074f60000 - 0x0000000074f76000 	C:\Program Files\Java\jdk1.8.0_65\jre\bin\zip.dll
0x000007fefd9e0000 - 0x000007fefe768000 	C:\Windows\system32\SHELL32.dll
0x0000000055b60000 - 0x0000000055d63000 	C:\Windows\system32\ole32.dll
0x000007fefd340000 - 0x000007fefd34f000 	C:\Windows\system32\profapi.dll
0x000007fefcb80000 - 0x000007fefcb97000 	C:\Windows\system32\CRYPTSP.dll
0x000007fefc880000 - 0x000007fefc8c7000 	C:\Windows\system32\rsaenh.dll
0x000007fefd400000 - 0x000007fefd41e000 	C:\Windows\system32\USERENV.dll
0x000007fefd1e0000 - 0x000007fefd1ef000 	C:\Windows\system32\CRYPTBASE.dll
0x0000000074440000 - 0x000000007445a000 	C:\Program Files\Java\jdk1.8.0_65\jre\bin\net.dll
0x000007fefcb20000 - 0x000007fefcb75000 	C:\Windows\system32\mswsock.dll
0x000007fefcb10000 - 0x000007fefcb17000 	C:\Windows\System32\wship6.dll
0x000007fefa2f0000 - 0x000007fefa317000 	C:\Windows\system32\IPHLPAPI.DLL
0x000007fefa2e0000 - 0x000007fefa2eb000 	C:\Windows\system32\WINNSI.DLL
0x000007fefa160000 - 0x000007fefa178000 	C:\Windows\system32\dhcpcsvc.DLL
0x000007fef9c70000 - 0x000007fef9c81000 	C:\Windows\system32\dhcpcsvc6.DLL
0x00000000741b0000 - 0x00000000741c1000 	C:\Program Files\Java\jdk1.8.0_65\jre\bin\nio.dll
0x000000006d580000 - 0x000000006d63d000 	C:\Users\suntao\AppData\Local\Temp\sqlite-3.8.11.2-2f1326d0-f053-4bba-a363-1b0351e97431-sqlitejdbc.dll
0x000007feedfb0000 - 0x000007feee0d5000 	C:\Windows\system32\dbghelp.dll

VM Arguments:
jvm_args: -Dfile.encoding=UTF-8 
java_command: EasyormSimple
java_class_path (initial): C:\Users\suntao\Workspaces\MyEclipse 2015\EasyORM Simple\bin;C:\Users\suntao\Workspaces\MyEclipse 2015\EasyORM Simple\lib\mysql-connector-java-5.1.38.jar;C:\Users\suntao\Workspaces\MyEclipse 2015\EasyORM Simple\lib\log4j-1.2.17.jar;C:\Users\suntao\Workspaces\MyEclipse 2015\EasyORM Simple\lib\easyorm.jar;C:\Users\suntao\Workspaces\MyEclipse 2015\EasyORM Simple\lib\sqlite-jdbc-3.8.11.2.jar
Launcher Type: SUN_STANDARD

Environment Variables:
JAVA_HOME=C:\Program Files\Java\jdk1.8.0_65
PATH=C:\Program Files (x86)\MacType\;C:\Program Files\Lenovo Fingerprint Reader\;C:\Windows\system32;C:\Windows;C:\Windows\System32\Wbem;C:\Windows\System32\WindowsPowerShell\v1.0\;C:\Program Files\TortoiseSVN\bin;C:\Program Files\Java\jdk1.8.0_65\bin;C:\Program Files\Java\jdk1.8.0_65\jre\bin;%MAVEN_HOME%\bin;C:\Users\suntao\Anaconda3;C:\Users\suntao\Anaconda3\Scripts;C:\Users\suntao\Anaconda3\Library\bin;C:\Program Files (x86)\MacType
USERNAME=suntao
OS=Windows_NT
PROCESSOR_IDENTIFIER=Intel64 Family 6 Model 23 Stepping 10, GenuineIntel



---------------  S Y S T E M  ---------------

OS: Windows 7 , 64 bit Build 7601 (6.1.7601.18015)

CPU:total 2 (2 cores per cpu, 1 threads per core) family 6 model 23 stepping 10, cmov, cx8, fxsr, mmx, sse, sse2, sse3, ssse3, sse4.1, tsc

Memory: 4k page, physical 4085784k(1310872k free), swap 8169704k(4853716k free)

vm_info: Java HotSpot(TM) 64-Bit Server VM (25.65-b01) for windows-amd64 JRE (1.8.0_65-b17), built on Oct  6 2015 16:39:20 by "java_re" with MS VC++ 10.0 (VS2010)

time: Mon Feb 15 10:15:12 2016
elapsed time: 1 seconds (0d 0h 0m 1s)

